Added Component: Designator=J1(FP-1757242-MFG)
Add component (AddParameter): Name = "Approvals"; Value = "UL"; VariantName = "[No Variations]"
Add component (AddParameter): Name = "Color"; Value = "Grey"; VariantName = "[No Variations]"
Add component (AddParameter): Name = "Connector Type"; Value = "Plug"; VariantName = "[No Variations]"
Add component (AddParameter): Name = "Contact Material"; Value = "Tin"; VariantName = "[No Variations]"
Add component (AddParameter): Name = "Contact Plating"; Value = "Tin"; VariantName = "[No Variations]"
Add component (AddParameter): Name = "Current"; Value = "15A"; VariantName = "[No Variations]"
Add component (AddParameter): Name = "Current Rating"; Value = "12A"; VariantName = "[No Variations]"
Add component (AddParameter): Name = "Depth"; Value = "12mm"; VariantName = "[No Variations]"
Add component (AddParameter): Name = "Flammability Rating"; Value = "UL94 V-0"; VariantName = "[No Variations]"
Add component (AddParameter): Name = "Gender"; Value = "Male"; VariantName = "[No Variations]"
Add component (AddParameter): Name = "Height"; Value = "12.08mm"; VariantName = "[No Variations]"
Add component (AddParameter): Name = "Housing Color"; Value = "Green"; VariantName = "[No Variations]"
Add component (AddParameter): Name = "Housing Material"; Value = "PBT"; VariantName = "[No Variations]"
Add component (AddParameter): Name = "Lead Free"; Value = "Lead Free"; VariantName = "[No Variations]"
Add component (AddParameter): Name = "Length"; Value = "12.16mm"; VariantName = "[No Variations]"
Add component (AddParameter): Name = "Max Current Rating"; Value = "12A"; VariantName = "[No Variations]"
Add component (AddParameter): Name = "Mount"; Value = "Through Hole"; VariantName = "[No Variations]"
Add component (AddParameter): Name = "Number of Contacts"; Value = "2"; VariantName = "[No Variations]"
Add component (AddParameter): Name = "Number of Levels"; Value = "1"; VariantName = "[No Variations]"
Add component (AddParameter): Name = "Number of Poles"; Value = "2"; VariantName = "[No Variations]"
Add component (AddParameter): Name = "Number of Positions"; Value = "2"; VariantName = "[No Variations]"
Add component (AddParameter): Name = "Number of Positions Per Level"; Value = "2"; VariantName = "[No Variations]"
Add component (AddParameter): Name = "Number of Rows"; Value = "1"; VariantName = "[No Variations]"
Add component (AddParameter): Name = "Orientation"; Value = "Right Angle"; VariantName = "[No Variations]"
Add component (AddParameter): Name = "Package Quantity"; Value = "50"; VariantName = "[No Variations]"
Add component (AddParameter): Name = "Packaging"; Value = "Bulk"; VariantName = "[No Variations]"
Add component (AddParameter): Name = "Pitch"; Value = "5.08mm"; VariantName = "[No Variations]"
Add component (AddParameter): Name = "REACH SVHC"; Value = "No SVHC"; VariantName = "[No Variations]"
Add component (AddParameter): Name = "RoHS Compliant"; Value = "Yes"; VariantName = "[No Variations]"
Add component (AddParameter): Name = "Series"; Value = "MSTBA"; VariantName = "[No Variations]"
Add component (AddParameter): Name = "Termination"; Value = "Solder"; VariantName = "[No Variations]"
Add component (AddParameter): Name = "Voltage"; Value = "300V"; VariantName = "[No Variations]"
Add component (AddParameter): Name = "Voltage Rating"; Value = "250V"; VariantName = "[No Variations]"
Add component (AddParameter): Name = "Voltage Rating (DC)"; Value = "320V"; VariantName = "[No Variations]"
Add component (AddParameter): Name = "Weight"; Value = "5.396916oz"; VariantName = "[No Variations]"
Add component (AddParameter): Name = "Width"; Value = "12.1mm"; VariantName = "[No Variations]"
Added Component: Designator=P1(SMTC-FTSH-105-01-L-DV_V)
Add component (AddParameter): Name = "Catalog Drawings"; Value = "FTSHSeriesFTSHSeriesSMTSide"; VariantName = "[No Variations]"
Add component (AddParameter): Name = "Category"; Value = "Connectors,Interconnects"; VariantName = "[No Variations]"
Add component (AddParameter): Name = "Color"; Value = "Black"; VariantName = "[No Variations]"
Add component (AddParameter): Name = "Connector Type"; Value = "Header,Unshrouded"; VariantName = "[No Variations]"
Add component (AddParameter): Name = "Contact Finish"; Value = "Gold"; VariantName = "[No Variations]"
Add component (AddParameter): Name = "Contact Finish Thickness"; Value = "10µin(0.25µm)"; VariantName = "[No Variations]"
Add component (AddParameter): Name = "Contact Mating Length"; Value = "0.120"(3.05mm)"; VariantName = "[No Variations]"
Add component (AddParameter): Name = "Contact Type"; Value = "MalePin"; VariantName = "[No Variations]"
Add component (AddParameter): Name = "Datasheet URL"; Value = "https://datasheet.ciiva.com/30493/0900766b80adfe36-30493006.pdf"; VariantName = "[No Variations]"
Add component (AddParameter): Name = "Datasheet Version"; Value = "Feb-08"; VariantName = "[No Variations]"
Add component (AddParameter): Name = "EDA / CAD Models"; Value = "DownloadfromAcceleratedDesigns"; VariantName = "[No Variations]"
Add component (AddParameter): Name = "Family"; Value = "RectangularConnectors-Headers,MalePins"; VariantName = "[No Variations]"
Add component (AddParameter): Name = "Fastening Type"; Value = "-"; VariantName = "[No Variations]"
Add component (AddParameter): Name = "Featured Product"; Value = "Board-To-BoardInterconnectSystems"; VariantName = "[No Variations]"
Add component (AddParameter): Name = "Features"; Value = "-"; VariantName = "[No Variations]"
Add component (AddParameter): Name = "Manufacturer"; Value = "Samtec"; VariantName = "[No Variations]"
Add component (AddParameter): Name = "Manufacturer URL"; Value = "http://www.samtec.com/"; VariantName = "[No Variations]"
Add component (AddParameter): Name = "Mating Products"; Value = "FLE-105-01-G-DV-TR-ND-CONNSKT1.27MM10POSDUALSMDCLP-105-02-G-D-P-TR-ND-CONNRCPT10POSDUAL.05"SMDSFMC-105-L2-S-D-TR-ND-CONN.05"SURFACE10POSSMTSFMH-105-02-L-D-TR-ND-CONNRECEPT10POS.50"SMTFLE-105-01-G-DV-A-ND-CONNSKT1.27MM10POSDUALSMDCLP-105-02-G-D-BE-ND-CONNRCPT10POSDUAL.05"SMDFLE-105-01-G-DV-A-P-ND-CONNSKT1.27MM10POSDUALSMDSAM1153-05-ND-CONNRCPT10POSDUAL.05"SMDSAM1155-05-ND-CONNRCPT10POSDUAL.05"SMDSAM1154-05-ND-CONNRCPT10POSDUAL.05"SMDSFMH-105-02-L-D-LC-ND-CONNRECEPT10POS.50"SMTSAM1226-05-ND-CONNRCPT.05"10POSDUALSMD"; VariantName = "[No Variations]"
Add component (AddParameter): Name = "Mounting Type"; Value = "SurfaceMount"; VariantName = "[No Variations]"
Add component (AddParameter): Name = "Number of Positions"; Value = "10"; VariantName = "[No Variations]"
Add component (AddParameter): Name = "Number of Positions Loaded"; Value = "All"; VariantName = "[No Variations]"
Add component (AddParameter): Name = "Number of Rows"; Value = "2"; VariantName = "[No Variations]"
Add component (AddParameter): Name = "Online Catalog"; Value = "FTSHSeries"; VariantName = "[No Variations]"
Add component (AddParameter): Name = "Other Names"; Value = "SAM1161-05"; VariantName = "[No Variations]"
Add component (AddParameter): Name = "Packaging"; Value = "Bulk"; VariantName = "[No Variations]"
Add component (AddParameter): Name = "Pitch"; Value = "0.050"(1.27mm)"; VariantName = "[No Variations]"
Add component (AddParameter): Name = "Product Training Modules"; Value = "Board-to-BoardConnectors"; VariantName = "[No Variations]"
Add component (AddParameter): Name = "Row Spacing"; Value = "0.050"(1.27mm)"; VariantName = "[No Variations]"
Add component (AddParameter): Name = "Series"; Value = "FTSH"; VariantName = "[No Variations]"
Add component (AddParameter): Name = "Standard Package"; Value = "1"; VariantName = "[No Variations]"
Add component (AddParameter): Name = "Termination"; Value = "Solder"; VariantName = "[No Variations]"
Added Pin To Net: NetName=GND Pin=J1-2
Added Pin To Net: NetName=GND Pin=P1-3
Added Pin To Net: NetName=GND Pin=P1-5
Added Pin To Net: NetName=GND Pin=P1-9
Added Net: Name=GND
Added Pin To Net: NetName=NRST Pin=P1-10
Added Net: Name=NRST
Added Pin To Net: NetName=SWCLK Pin=P1-4
Added Net: Name=SWCLK
Added Pin To Net: NetName=SWDIO Pin=P1-2
Added Net: Name=SWDIO
Added Pin To Net: NetName=VDD Pin=J1-1
Added Pin To Net: NetName=VDD Pin=P1-1
Added Net: Name=VDD
Added Class: Name=WCE_Programming
Added Room: Name=WCE_Programming
